-------------------------------------------------------------------------------
Test set: be.abis.axa9.test.TestPerson
-------------------------------------------------------------------------------
Tests run: 1, Failures: 1, Errors: 0, Skipped: 0, Time elapsed: 0.041 sec <<< FAILURE!
be.abis.axa9.test.TestPerson.testPerson()  Time elapsed: 0.04 sec  <<< FAILURE!
java.lang.NoClassDefFoundError: org/junit/Assert
	at be.abis.axa9.test.TestPerson.testPerson(TestPerson.java:18)
Caused by: java.lang.ClassNotFoundException: org.junit.Assert
	at java.base/jdk.internal.loader.BuiltinClassLoader.loadClass(BuiltinClassLoader.java:583)
	at java.base/jdk.internal.loader.ClassLoaders$AppClassLoader.loadClass(ClassLoaders.java:178)
	at java.base/java.lang.ClassLoader.loadClass(ClassLoader.java:521)
	... 19 more

