<?xml version="1.0" encoding="UTF-8" ?>
<testsuite tests="1" failures="1" name="be.abis.axa9.test.TestPerson" time="0.04" errors="0" skipped="0">
  <properties>
[...]
</properties>
  <testcase classname="be.abis.axa9.test.TestPerson" name="be.abis.axa9.test.TestPerson.testPerson" time="0.04">
    <failure message="org/junit/Assert" type="java.lang.NoClassDefFoundError">java.lang.NoClassDefFoundError: org/junit/Assert
	at be.abis.axa9.test.TestPerson.testPerson(TestPerson.java:18)
Caused by: java.lang.ClassNotFoundException: org.junit.Assert
	at java.base/jdk.internal.loader.BuiltinClassLoader.loadClass(BuiltinClassLoader.java:583)
	at java.base/jdk.internal.loader.ClassLoaders$AppClassLoader.loadClass(ClassLoaders.java:178)
	at java.base/java.lang.ClassLoader.loadClass(ClassLoader.java:521)
	... 19 more
</failure>
  </testcase>
</testsuite>